<?xml version="1.0" encoding="UTF-8"?>
<!-- Generated by org.testng.reporters.JUnitXMLReporter -->
<testsuite ignored="0" hostname="BICYCLE_OF_MIND" failures="0" tests="3" name="Default test(failed)" time="0.138" errors="0" timestamp="2025-04-27T22:25:43 IST">
  <testcase classname="testBase.BaseClass" name="@BeforeClass setUp" time="-1.745772943107E9">
    <failure type="org.testng.TestNGException" message="
Parameter &amp;apos;OS&amp;apos; is required by BeforeClass on method setUp but has not been marked @Optional or defined
in D:\LEARNING\AUTO_TEST_GEARSMITH\test-output\testng-failed.xml">
      <![CDATA[org.testng.TestNGException: 
Parameter 'OS' is required by BeforeClass on method setUp but has not been marked @Optional or defined
in D:\LEARNING\AUTO_TEST_GEARSMITH\test-output\testng-failed.xml
at java.base/java.util.ArrayList.forEach(ArrayList.java:1597)
... Removed 22 stack frames]]>
    </failure>
  </testcase> <!-- @BeforeClass setUp -->
  <testcase classname="testBase.BaseClass" name="@AfterClass tearDown" time="0.0">
    <skipped/>
  </testcase> <!-- @AfterClass tearDown -->
  <testcase classname="testCases.HomePageTest" name="verifyHomePage" time="0.001">
    <skipped/>
  </testcase> <!-- verifyHomePage -->
  <testcase classname="testCases.HomePageTest" name="verifyAccountPage" time="0.0">
    <skipped/>
  </testcase> <!-- verifyAccountPage -->
  <testcase classname="testCases.HomePageTest" name="verifyLogInLink" time="0.0">
    <skipped/>
  </testcase> <!-- verifyLogInLink -->
</testsuite> <!-- Default test(failed) -->
